Determining if the pthread_create exist failed with the following output:
Change Dir: /home/nick/Codes/TP/cmake-build-debug/CMakeFiles/CMakeTmp

Run Build Command:"/usr/bin/make" "cmTC_709ff/fast"
/usr/bin/make -f CMakeFiles/cmTC_709ff.dir/build.make CMakeFiles/cmTC_709ff.dir/build
make[1]: вход в каталог «/home/nick/Codes/TP/cmake-build-debug/CMakeFiles/CMakeTmp»
Building C object CMakeFiles/cmTC_709ff.dir/CheckSymbolExists.c.o
/usr/bin/cc    -o CMakeFiles/cmTC_709ff.dir/CheckSymbolExists.c.o   -c /home/nick/Codes/TP/cmake-build-debug/CMakeFiles/CMakeTmp/CheckSymbolExists.c
Linking C executable cmTC_709ff
/snap/clion/67/bin/cmake/linux/bin/cmake -E cmake_link_script CMakeFiles/cmTC_709ff.dir/link.txt --verbose=1
/usr/bin/cc      -rdynamic CMakeFiles/cmTC_709ff.dir/CheckSymbolExists.c.o  -o cmTC_709ff 
CMakeFiles/cmTC_709ff.dir/CheckSymbolExists.c.o: In function `main':
CheckSymbolExists.c:(.text+0x1b): undefined reference to `pthread_create'
collect2: error: ld returned 1 exit status
CMakeFiles/cmTC_709ff.dir/build.make:86: recipe for target 'cmTC_709ff' failed
make[1]: *** [cmTC_709ff] Error 1
make[1]: выход из каталога «/home/nick/Codes/TP/cmake-build-debug/CMakeFiles/CMakeTmp»
Makefile:121: recipe for target 'cmTC_709ff/fast' failed
make: *** [cmTC_709ff/fast] Error 2

File /home/nick/Codes/TP/cmake-build-debug/CMakeFiles/CMakeTmp/CheckSymbolExists.c:
/* */
#include <pthread.h>

int main(int argc, char** argv)
{
  (void)argv;
#ifndef pthread_create
  return ((int*)(&pthread_create))[argc];
#else
  (void)argc;
  return 0;
#endif
}

Determining if the function pthread_create exists in the pthreads failed with the following output:
Change Dir: /home/nick/Codes/TP/cmake-build-debug/CMakeFiles/CMakeTmp

Run Build Command:"/usr/bin/make" "cmTC_4840f/fast"
/usr/bin/make -f CMakeFiles/cmTC_4840f.dir/build.make CMakeFiles/cmTC_4840f.dir/build
make[1]: вход в каталог «/home/nick/Codes/TP/cmake-build-debug/CMakeFiles/CMakeTmp»
Building C object CMakeFiles/cmTC_4840f.dir/CheckFunctionExists.c.o
/usr/bin/cc   -DCHECK_FUNCTION_EXISTS=pthread_create   -o CMakeFiles/cmTC_4840f.dir/CheckFunctionExists.c.o   -c /snap/clion/67/bin/cmake/linux/share/cmake-3.13/Modules/CheckFunctionExists.c
Linking C executable cmTC_4840f
/snap/clion/67/bin/cmake/linux/bin/cmake -E cmake_link_script CMakeFiles/cmTC_4840f.dir/link.txt --verbose=1
/usr/bin/cc  -DCHECK_FUNCTION_EXISTS=pthread_create    -rdynamic CMakeFiles/cmTC_4840f.dir/CheckFunctionExists.c.o  -o cmTC_4840f -lpthreads 
/usr/bin/ld: cannot find -lpthreads
collect2: error: ld returned 1 exit status
CMakeFiles/cmTC_4840f.dir/build.make:86: recipe for target 'cmTC_4840f' failed
make[1]: *** [cmTC_4840f] Error 1
make[1]: выход из каталога «/home/nick/Codes/TP/cmake-build-debug/CMakeFiles/CMakeTmp»
Makefile:121: recipe for target 'cmTC_4840f/fast' failed
make: *** [cmTC_4840f/fast] Error 2


